[2018-09-13 14-49-19] Allowed memory size of 268435456 bytes exhausted (tried to allocate 268435464 bytes) on line: 6 in Tracy Console Panel  @  http://mercedes.cw40247.tmweb.ru/ 
[2018-09-13 14-49-39] Allowed memory size of 268435456 bytes exhausted (tried to allocate 268435464 bytes) on line: 7 in Tracy Console Panel  @  http://mercedes.cw40247.tmweb.ru/ 
[2018-09-13 15-15-56] Undefined index: title on line: 16 in Tracy Console Panel  @  http://mercedes.cw40247.tmweb.ru/ 
[2018-09-13 15-15-56] Undefined index: car_accessories on line: 16 in Tracy Console Panel  @  http://mercedes.cw40247.tmweb.ru/ 
[2018-09-13 15-15-56] Undefined index: car_cabin on line: 16 in Tracy Console Panel  @  http://mercedes.cw40247.tmweb.ru/ 
[2018-09-13 15-15-56] Undefined index: car_color on line: 16 in Tracy Console Panel  @  http://mercedes.cw40247.tmweb.ru/ 
[2018-09-13 15-15-56] Undefined index: car_id on line: 16 in Tracy Console Panel  @  http://mercedes.cw40247.tmweb.ru/ 
[2018-09-13 15-15-56] Undefined index: car_photos on line: 16 in Tracy Console Panel  @  http://mercedes.cw40247.tmweb.ru/ 
[2018-09-13 15-15-56] Undefined index: car_price on line: 16 in Tracy Console Panel  @  http://mercedes.cw40247.tmweb.ru/ 
[2018-09-13 15-15-56] Undefined index: car_special_proposal on line: 16 in Tracy Console Panel  @  http://mercedes.cw40247.tmweb.ru/ 
[2018-09-13 15-15-56] Undefined index: car_year on line: 16 in Tracy Console Panel  @  http://mercedes.cw40247.tmweb.ru/ 
[2018-09-13 15-15-56] Undefined index: car_modification_id on line: 16 in Tracy Console Panel  @  http://mercedes.cw40247.tmweb.ru/ 
[2018-09-13 15-16-23] Trying to get property of non-object on line: 16 in Tracy Console Panel  @  http://mercedes.cw40247.tmweb.ru/ 
[2018-09-13 15-16-23] Trying to get property of non-object on line: 16 in Tracy Console Panel  @  http://mercedes.cw40247.tmweb.ru/ 
[2018-09-13 15-16-23] Trying to get property of non-object on line: 16 in Tracy Console Panel  @  http://mercedes.cw40247.tmweb.ru/ 
[2018-09-13 15-16-23] Trying to get property of non-object on line: 16 in Tracy Console Panel  @  http://mercedes.cw40247.tmweb.ru/ 
[2018-09-13 15-16-23] Trying to get property of non-object on line: 16 in Tracy Console Panel  @  http://mercedes.cw40247.tmweb.ru/ 
[2018-09-13 15-16-23] Trying to get property of non-object on line: 16 in Tracy Console Panel  @  http://mercedes.cw40247.tmweb.ru/ 
[2018-09-13 15-16-23] Trying to get property of non-object on line: 16 in Tracy Console Panel  @  http://mercedes.cw40247.tmweb.ru/ 
[2018-09-13 15-16-23] Trying to get property of non-object on line: 16 in Tracy Console Panel  @  http://mercedes.cw40247.tmweb.ru/ 
[2018-09-13 15-16-23] Trying to get property of non-object on line: 16 in Tracy Console Panel  @  http://mercedes.cw40247.tmweb.ru/ 
[2018-09-13 15-16-23] Trying to get property of non-object on line: 16 in Tracy Console Panel  @  http://mercedes.cw40247.tmweb.ru/ 
[2018-09-13 15-18-53] Method Page::пуе does not exist or is not callable in this context on line: 519 in /home/c/cw40247/mercedes/public_html/wire/core/Wire.php  @  http://mercedes.cw40247.tmweb.ru/ 
